#
# A fatal error has been detected by the Java Runtime Environment:
#
#  SIGSEGV (0xb) at pc=0x00007fff58fed64c, pid=83843, tid=7427
#
# JRE version: OpenJDK Runtime Environment AdoptOpenJDK (11.0.8+10) (build 11.0.8+10)
# Java VM: OpenJDK 64-Bit Server VM AdoptOpenJDK (11.0.8+10, mixed mode, tiered, compressed oops, g1 gc, bsd-amd64)
# Problematic frame:
# C  [libobjc.A.dylib+0x864c]  objc_release+0x1c
#
# No core dump will be written. Core dumps have been disabled. To enable core dumping, try "ulimit -c unlimited" before starting Java again
#
# If you would like to submit a bug report, please visit:
#   https://github.com/AdoptOpenJDK/openjdk-support/issues
# The crash happened outside the Java Virtual Machine in native code.
# See problematic frame for where to report the bug.
#

---------------  S U M M A R Y ------------

Command Line: -Djava.library.path=/Users/daniellara/Documents/GitHub/practica-9-recursion-DouglasFlint/lib/lwjgl-2.9.3/native/macosx icc.TurtleGraphics.Turtle.Main

Host: iMac14,3 x86_64 2900 MHz, 4 cores, 8G, Darwin 18.7.0
Time: Wed Nov 25 14:30:58 2020 CST elapsed time: 11 seconds (0d 0h 0m 11s)

---------------  T H R E A D  ---------------

Current thread (0x00007fdb2780f800):  JavaThread "main" [_thread_in_native, id=7427, stack(0x0000700002259000,0x0000700002359000)]

Stack: [0x0000700002259000,0x0000700002359000],  sp=0x0000700002357fc0,  free space=1019k
Native frames: (J=compiled Java code, A=aot compiled Java code, j=interpreted, Vv=VM code, C=native code)
C  [libobjc.A.dylib+0x864c]  objc_release+0x1c
C  [libobjc.A.dylib+0x947c]  (anonymous namespace)::AutoreleasePoolPage::pop(void*)+0x2c6
C  [CoreFoundation+0xdc7a]  _CFAutoreleasePoolPop+0x16
C  [Foundation+0x4093]  -[NSAutoreleasePool release]+0x90
C  [liblwjgl.dylib+0x16cce]  Java_org_lwjgl_opengl_MacOSXContextImplementation_setView+0x10e
j  org.lwjgl.opengl.MacOSXContextImplementation.setView(Ljava/nio/ByteBuffer;Ljava/nio/ByteBuffer;)V+0
j  org.lwjgl.opengl.MacOSXContextImplementation.makeCurrent(Lorg/lwjgl/opengl/PeerInfo;Ljava/nio/ByteBuffer;)V+7
j  org.lwjgl.opengl.ContextGL.makeCurrent()V+46
j  org.lwjgl.opengl.DrawableGL.makeCurrent()V+14
j  org.lwjgl.opengl.Display.makeCurrent()V+3
j  org.lwjgl.opengl.Display.makeCurrentAndSetSwapInterval()V+0
j  org.lwjgl.opengl.Display.create(Lorg/lwjgl/opengl/PixelFormat;Lorg/lwjgl/opengl/Drawable;Lorg/lwjgl/opengl/ContextAttribs;)V+108
j  org.lwjgl.opengl.Display.create(Lorg/lwjgl/opengl/PixelFormat;)V+12
j  org.lwjgl.opengl.Display.create()V+7
j  icc.TurtleGraphics.gui.TurtleCanvas.initGL()V+39
j  icc.TurtleGraphics.gui.TurtleCanvas.start()V+6
j  icc.TurtleGraphics.gui.TurtleCanvas.display()V+8
j  icc.TurtleGraphics.Turtle.Main.main([Ljava/lang/String;)V+22
v  ~StubRoutines::call_stub
V  [libjvm.dylib+0x39964a]  JavaCalls::call_helper(JavaValue*, methodHandle const&, JavaCallArguments*, Thread*)+0x21a
V  [libjvm.dylib+0x3dccea]  jni_invoke_static(JNIEnv_*, JavaValue*, _jobject*, JNICallType, _jmethodID*, JNI_ArgumentPusher*, Thread*)+0x10a
V  [libjvm.dylib+0x3e04da]  jni_CallStaticVoidMethod+0x1d2
C  [libjli.dylib+0x4b26]  JavaMain+0xab5
C  [libsystem_pthread.dylib+0x32eb]  _pthread_body+0x7e
C  [libsystem_pthread.dylib+0x6249]  _pthread_start+0x42
C  [libsystem_pthread.dylib+0x240d]  thread_start+0xd

Java frames: (J=compiled Java code, j=interpreted, Vv=VM code)
j  org.lwjgl.opengl.MacOSXContextImplementation.setView(Ljava/nio/ByteBuffer;Ljava/nio/ByteBuffer;)V+0
j  org.lwjgl.opengl.MacOSXContextImplementation.makeCurrent(Lorg/lwjgl/opengl/PeerInfo;Ljava/nio/ByteBuffer;)V+7
j  org.lwjgl.opengl.ContextGL.makeCurrent()V+46
j  org.lwjgl.opengl.DrawableGL.makeCurrent()V+14
j  org.lwjgl.opengl.Display.makeCurrent()V+3
j  org.lwjgl.opengl.Display.makeCurrentAndSetSwapInterval()V+0
j  org.lwjgl.opengl.Display.create(Lorg/lwjgl/opengl/PixelFormat;Lorg/lwjgl/opengl/Drawable;Lorg/lwjgl/opengl/ContextAttribs;)V+108
j  org.lwjgl.opengl.Display.create(Lorg/lwjgl/opengl/PixelFormat;)V+12
j  org.lwjgl.opengl.Display.create()V+7
j  icc.TurtleGraphics.gui.TurtleCanvas.initGL()V+39
j  icc.TurtleGraphics.gui.TurtleCanvas.start()V+6
j  icc.TurtleGraphics.gui.TurtleCanvas.display()V+8
j  icc.TurtleGraphics.Turtle.Main.main([Ljava/lang/String;)V+22
v  ~StubRoutines::call_stub

siginfo: si_signo: 11 (SIGSEGV), si_code: 0 (unknown), si_addr: 0x0000000000000000

Register to memory mapping:

RAX=0x00007ffffffffff8 is an unknown value
RBX=0x00007fdb278e5010 points into unknown readable memory: 70 51 8e 27 db 7f 00 00
RCX=0x00007fdb278e5170 points into unknown readable memory: a3 a3 a3 a3 a3 a3 a3 a3
RDX=0x0040000000000000 is an unknown value
RSP=0x0000700002357fc0 is pointing into the stack for thread: 0x00007fdb2780f800
RBP=0x0000700002357fc0 is pointing into the stack for thread: 0x00007fdb2780f800
RSI=0x053d80013db79c63 is an unknown value
RDI=0x00007fdb275f06d0 points into unknown readable memory: ff ff ff ff ff ff ff ff
R8 =0x0 is NULL
R9 =0x0 is NULL
R10=0x000000010c7e60a8: OBJC_CLASS_$___NSCFType+0 in /System/Library/Frameworks/CoreFoundation.framework/Versions/A/CoreFoundation at 0x000000010c26a000
R11=0x00007fdb2761cab0 points into unknown readable memory: 3e 7a 9b 2c ff 7f 00 00
R12=0xa3a3a3a3a3a3a3a3 is an unknown value
R13=0x0000000130113ed8 is pointing into metadata
R14=0x00007fdb278e5110 points into unknown readable memory: 00 00 00 00 00 00 00 00
R15=0x00007fdb278e5000 points into unknown readable memory: a1 a1 a1 a1 41 55 54 4f


Registers:
RAX=0x00007ffffffffff8, RBX=0x00007fdb278e5010, RCX=0x00007fdb278e5170, RDX=0x0040000000000000
RSP=0x0000700002357fc0, RBP=0x0000700002357fc0, RSI=0x053d80013db79c63, RDI=0x00007fdb275f06d0
R8 =0x0000000000000000, R9 =0x0000000000000000, R10=0x000000010c7e60a8, R11=0x00007fdb2761cab0
R12=0xa3a3a3a3a3a3a3a3, R13=0x0000000130113ed8, R14=0x00007fdb278e5110, R15=0x00007fdb278e5000
RIP=0x00007fff58fed64c, EFLAGS=0x0000000000010202, ERR=0x0000000000000000
  TRAPNO=0x000000000000000d

Top of Stack: (sp=0x0000700002357fc0)
0x0000700002357fc0:   0000700002358400 00007fff58fee47c
0x0000700002357fd0:   0000000000000001 0000000000000110
0x0000700002357fe0:   0000700002358010 00007fff5a975444
0x0000700002357ff0:   0000000000000010 0000000000000010
0x0000700002358000:   0000000000000110 00007fdb29c04b30
0x0000700002358010:   0000700002358030 00007fff5a9753c4
0x0000700002358020:   0000000000000000 0000000000000010
0x0000700002358030:   0000700002358050 00007fff58fed590
0x0000700002358040:   00000000756e6547 0000000000000000
0x0000700002358050:   0000700002358090 00007fff58fed55c
0x0000700002358060:   00007fdb27a0f000 53a081cbed1a00c3
0x0000700002358070:   00007fdb278e51e8 00007fdb2900d200
0x0000700002358080:   53a081cbed1a00c3 00007fdb278e51e8
0x0000700002358090:   00007fdb2900d200 0000000000000002
0x00007000023580a0:   00007fdb278e51e8 0000700002358140
0x00007000023580b0:   0000700002358330 000000010bad1059
0x00007000023580c0:   0000000000000001 0000000000000001
0x00007000023580d0:   00007000023500c0 00007fdb29b02b10
0x00007000023580e0:   0000700002358180 00007000023500c0
0x00007000023580f0:   0000000002358110 00007fdb275f0c01
0x0000700002358100:   00007fdb29b02e70 00007fdb2900d200
0x0000700002358110:   0000000000000000 00007fff58ff8686
0x0000700002358120:   53a081cbed1a0000 0000000000000000
0x0000700002358130:   0000000000000001 0000000000000001
0x0000700002358140:   00007fdb2900d200 00007fdb29b02e60
0x0000700002358150:   4123f17d207d43ce 7ff0000000000000
0x0000700002358160:   00007000023500f0 0000000000000000
0x0000700002358170:   00007000023581b0 f6ae400070001001
0x0000700002358180:   00007fdb29b02e60 0000000000001400
0x0000700002358190:   0000000000000001 0000000130113ed8
0x00007000023581a0:   000000013062ae00 0000000130629a00
0x00007000023581b0:   0000700002358260 00007fff5a9747b9 

Instructions: (pc=0x00007fff58fed64c)
0x00007fff58fed54c:   5e 41 5f 5d c3 4c 89 ff 8b 75 d4 e8 a5 21 00 00
0x00007fff58fed55c:   31 ff 48 83 c4 08 5b 41 5c 41 5d 41 5e 41 5f 5d
0x00007fff58fed56c:   e9 5e 22 00 00 90 55 48 89 e5 41 56 53 89 fb 44
0x00007fff58fed57c:   8d 73 01 49 c1 e6 04 be 01 00 00 00 4c 89 f7 e8
0x00007fff58fed58c:   cc 9e 01 00 49 89 44 06 f8 49 83 7c 06 f0 01 74
0x00007fff58fed59c:   09 4a c7 44 30 f0 01 00 00 00 48 8d 0d 3d bb d9
0x00007fff58fed5ac:   37 80 39 00 74 2e 31 c9 83 fb 02 72 14 31 c9 89
0x00007fff58fed5bc:   da d1 ea ff c1 83 fb 03 89 d3 77 f5 83 f9 0f 77
0x00007fff58fed5cc:   0c 89 c9 48 8d 15 8a 97 d9 37 ff 04 8a 48 ff 05
0x00007fff58fed5dc:   60 97 d9 37 5b 41 5e 5d c3 90 90 90 90 90 90 90
0x00007fff58fed5ec:   90 90 90 90 90 55 48 89 e5 40 f6 c7 01 75 20 48
0x00007fff58fed5fc:   b9 00 00 00 00 00 00 00 01 48 8b 07 a8 01 74 14
0x00007fff58fed60c:   48 89 c2 48 01 ca 72 12 f0 48 0f b1 17 75 ea 48
0x00007fff58fed61c:   89 f8 5d c3 5d e9 f0 58 00 00 31 f6 5d e9 60 50
0x00007fff58fed62c:   00 00 90 90 55 48 89 e5 48 85 ff 74 60 40 f6 c7
0x00007fff58fed63c:   01 75 5a 48 b8 f8 ff ff ff ff 7f 00 00 48 23 07
0x00007fff58fed64c:   f6 40 20 04 74 67 48 b9 00 00 00 00 00 00 00 01
0x00007fff58fed65c:   48 ba 00 00 00 00 00 00 40 00 48 8b 07 a8 01 74
0x00007fff58fed66c:   41 48 89 c6 48 29 ce 73 1d 48 0f ba e0 37 72 46
0x00007fff58fed67c:   48 0f ba e0 36 72 4b 48 89 c6 48 09 d6 f0 48 0f
0x00007fff58fed68c:   b1 37 75 d6 eb 09 f0 48 0f b1 37 75 cd 5d c3 0f
0x00007fff58fed69c:   ae f0 48 8d 05 c3 ba d9 37 48 8b 30 5d e9 d2 df
0x00007fff58fed6ac:   ff ff be 01 00 00 00 5d e9 03 59 00 00 48 8d 05
0x00007fff58fed6bc:   80 ba d9 37 eb e3 be 01 00 00 00 e8 26 5c 00 00
0x00007fff58fed6cc:   eb cb e8 5f 97 01 00 eb c4 90 90 90 90 90 90 90
0x00007fff58fed6dc:   90 90 90 90 90 90 90 55 48 89 e5 5d e9 09 00 00
0x00007fff58fed6ec:   00 90 90 90 90 90 90 90 90 90 55 48 89 e5 40 f6
0x00007fff58fed6fc:   c7 01 75 19 48 b8 07 00 00 00 00 00 a0 00 48 23
0x00007fff58fed70c:   07 48 83 f8 01 75 08 5d e9 91 9d 01 00 5d c3 5d
0x00007fff58fed71c:   e9 01 00 00 00 90 48 85 ff 74 1c 55 48 89 e5 53
0x00007fff58fed72c:   50 48 89 fb e8 11 00 00 00 48 89 df e8 6d 9d 01
0x00007fff58fed73c:   00 48 83 c4 08 5b 5d 31 c0 c3 55 48 89 e5 41 56 


Stack slot to memory mapping:
stack at sp + 0 slots: 0x0000700002358400 is pointing into the stack for thread: 0x00007fdb2780f800
stack at sp + 1 slots: 0x00007fff58fee47c: _ZN12_GLOBAL__N_119AutoreleasePoolPage3popEPv+0x2c6 in /usr/lib/libobjc.A.dylib at 0x00007fff58fe5000
stack at sp + 2 slots: 0x0000000000000001 is an unknown value
stack at sp + 3 slots: 0x0000000000000110 is an unknown value
stack at sp + 4 slots: 0x0000700002358010 is pointing into the stack for thread: 0x00007fdb2780f800
stack at sp + 5 slots: 0x00007fff5a975444: malloc_zone_calloc+0x63 in /usr/lib/system/libsystem_malloc.dylib at 0x00007fff5a971000
stack at sp + 6 slots: 0x0000000000000010 is an unknown value
stack at sp + 7 slots: 0x0000000000000010 is an unknown value


---------------  P R O C E S S  ---------------

Threads class SMR info:
_java_thread_list=0x00007fdb275e1b70, length=11, elements={
0x00007fdb2780f800, 0x00007fdb278e4000, 0x00007fdb278e9000, 0x00007fdb28811000,
0x00007fdb28820000, 0x00007fdb28004800, 0x00007fdb278eb000, 0x00007fdb28037000,
0x00007fdb2888e000, 0x00007fdb280ec800, 0x00007fdb2815d800
}

Java Threads: ( => current thread )
=>0x00007fdb2780f800 JavaThread "main" [_thread_in_native, id=7427, stack(0x0000700002259000,0x0000700002359000)]
  0x00007fdb278e4000 JavaThread "Reference Handler" daemon [_thread_blocked, id=17923, stack(0x000070000296e000,0x0000700002a6e000)]
  0x00007fdb278e9000 JavaThread "Finalizer" daemon [_thread_blocked, id=14851, stack(0x0000700002a71000,0x0000700002b71000)]
  0x00007fdb28811000 JavaThread "Signal Dispatcher" daemon [_thread_blocked, id=16131, stack(0x0000700002b74000,0x0000700002c74000)]
  0x00007fdb28820000 JavaThread "C2 CompilerThread0" daemon [_thread_blocked, id=22275, stack(0x0000700002c77000,0x0000700002d77000)]
  0x00007fdb28004800 JavaThread "C1 CompilerThread0" daemon [_thread_blocked, id=22787, stack(0x0000700002d7a000,0x0000700002e7a000)]
  0x00007fdb278eb000 JavaThread "Sweeper thread" daemon [_thread_blocked, id=42499, stack(0x0000700002e7d000,0x0000700002f7d000)]
  0x00007fdb28037000 JavaThread "Service Thread" daemon [_thread_blocked, id=41987, stack(0x0000700002f80000,0x0000700003080000)]
  0x00007fdb2888e000 JavaThread "Common-Cleaner" daemon [_thread_blocked, id=24067, stack(0x0000700003186000,0x0000700003286000)]
  0x00007fdb280ec800 JavaThread "AppKit Thread" daemon [_thread_in_native, id=775, stack(0x00007ffee7893000,0x00007ffee8093000)]
  0x00007fdb2815d800 JavaThread "AWT-Shutdown" [_thread_blocked, id=74515, stack(0x0000700003289000,0x0000700003389000)]

Other Threads:
  0x00007fdb28810800 VMThread "VM Thread" [stack: 0x000070000286b000,0x000070000296b000] [id=18435]
  0x00007fdb28883800 WatcherThread [stack: 0x0000700003083000,0x0000700003183000] [id=23299]
  0x00007fdb27811800 GCTaskThread "GC Thread#0" [stack: 0x000070000235c000,0x000070000245c000] [id=12547]
  0x00007fdb27843800 ConcurrentGCThread "G1 Main Marker" [stack: 0x000070000245f000,0x000070000255f000] [id=20483]
  0x00007fdb27844800 ConcurrentGCThread "G1 Conc#0" [stack: 0x0000700002562000,0x0000700002662000] [id=19971]
  0x00007fdb27895000 ConcurrentGCThread "G1 Refine#0" [stack: 0x0000700002665000,0x0000700002765000] [id=19459]
  0x00007fdb27896000 ConcurrentGCThread "G1 Young RemSet Sampling" [stack: 0x0000700002768000,0x0000700002868000] [id=13315]

Threads with active compile tasks:

VM state:not at safepoint (normal execution)

VM Mutex/Monitor currently owned by a thread: None

Heap address: 0x0000000780000000, size: 2048 MB, Compressed Oops mode: Zero based, Oop shift amount: 3
Narrow klass base: 0x0000000800000000, Narrow klass shift: 0
Compressed class space size: 1073741824 Address: 0x0000000800000000

Heap:
 garbage-first heap   total 131072K, used 5120K [0x0000000780000000, 0x0000000800000000)
  region size 1024K, 6 young (6144K), 0 survivors (0K)
 Metaspace       used 8358K, capacity 8576K, committed 8832K, reserved 1056768K
  class space    used 772K, capacity 860K, committed 896K, reserved 1048576K
Heap Regions: E=young(eden), S=young(survivor), O=old, HS=humongous(starts), HC=humongous(continues), CS=collection set, F=free, A=archive, TAMS=top-at-mark-start (previous, next)
|   0|0x0000000780000000, 0x0000000780000000, 0x0000000780100000|  0%| F|  |TAMS 0x0000000780000000, 0x0000000780000000| Untracked 
|   1|0x0000000780100000, 0x0000000780100000, 0x0000000780200000|  0%| F|  |TAMS 0x0000000780100000, 0x0000000780100000| Untracked 
|   2|0x0000000780200000, 0x0000000780200000, 0x0000000780300000|  0%| F|  |TAMS 0x0000000780200000, 0x0000000780200000| Untracked 
|   3|0x0000000780300000, 0x0000000780300000, 0x0000000780400000|  0%| F|  |TAMS 0x0000000780300000, 0x0000000780300000| Untracked 
|   4|0x0000000780400000, 0x0000000780400000, 0x0000000780500000|  0%| F|  |TAMS 0x0000000780400000, 0x0000000780400000| Untracked 
|   5|0x0000000780500000, 0x0000000780500000, 0x0000000780600000|  0%| F|  |TAMS 0x0000000780500000, 0x0000000780500000| Untracked 
|   6|0x0000000780600000, 0x0000000780600000, 0x0000000780700000|  0%| F|  |TAMS 0x0000000780600000, 0x0000000780600000| Untracked 
|   7|0x0000000780700000, 0x0000000780700000, 0x0000000780800000|  0%| F|  |TAMS 0x0000000780700000, 0x0000000780700000| Untracked 
|   8|0x0000000780800000, 0x0000000780800000, 0x0000000780900000|  0%| F|  |TAMS 0x0000000780800000, 0x0000000780800000| Untracked 
|   9|0x0000000780900000, 0x0000000780900000, 0x0000000780a00000|  0%| F|  |TAMS 0x0000000780900000, 0x0000000780900000| Untracked 
|  10|0x0000000780a00000, 0x0000000780a00000, 0x0000000780b00000|  0%| F|  |TAMS 0x0000000780a00000, 0x0000000780a00000| Untracked 
|  11|0x0000000780b00000, 0x0000000780b00000, 0x0000000780c00000|  0%| F|  |TAMS 0x0000000780b00000, 0x0000000780b00000| Untracked 
|  12|0x0000000780c00000, 0x0000000780c00000, 0x0000000780d00000|  0%| F|  |TAMS 0x0000000780c00000, 0x0000000780c00000| Untracked 
|  13|0x0000000780d00000, 0x0000000780d00000, 0x0000000780e00000|  0%| F|  |TAMS 0x0000000780d00000, 0x0000000780d00000| Untracked 
|  14|0x0000000780e00000, 0x0000000780e00000, 0x0000000780f00000|  0%| F|  |TAMS 0x0000000780e00000, 0x0000000780e00000| Untracked 
|  15|0x0000000780f00000, 0x0000000780f00000, 0x0000000781000000|  0%| F|  |TAMS 0x0000000780f00000, 0x0000000780f00000| Untracked 
|  16|0x0000000781000000, 0x0000000781000000, 0x0000000781100000|  0%| F|  |TAMS 0x0000000781000000, 0x0000000781000000| Untracked 
|  17|0x0000000781100000, 0x0000000781100000, 0x0000000781200000|  0%| F|  |TAMS 0x0000000781100000, 0x0000000781100000| Untracked 
|  18|0x0000000781200000, 0x0000000781200000, 0x0000000781300000|  0%| F|  |TAMS 0x0000000781200000, 0x0000000781200000| Untracked 
|  19|0x0000000781300000, 0x0000000781300000, 0x0000000781400000|  0%| F|  |TAMS 0x0000000781300000, 0x0000000781300000| Untracked 
|  20|0x0000000781400000, 0x0000000781400000, 0x0000000781500000|  0%| F|  |TAMS 0x0000000781400000, 0x0000000781400000| Untracked 
|  21|0x0000000781500000, 0x0000000781500000, 0x0000000781600000|  0%| F|  |TAMS 0x0000000781500000, 0x0000000781500000| Untracked 
|  22|0x0000000781600000, 0x0000000781600000, 0x0000000781700000|  0%| F|  |TAMS 0x0000000781600000, 0x0000000781600000| Untracked 
|  23|0x0000000781700000, 0x0000000781700000, 0x0000000781800000|  0%| F|  |TAMS 0x0000000781700000, 0x0000000781700000| Untracked 
|  24|0x0000000781800000, 0x0000000781800000, 0x0000000781900000|  0%| F|  |TAMS 0x0000000781800000, 0x0000000781800000| Untracked 
|  25|0x0000000781900000, 0x0000000781900000, 0x0000000781a00000|  0%| F|  |TAMS 0x0000000781900000, 0x0000000781900000| Untracked 
|  26|0x0000000781a00000, 0x0000000781a00000, 0x0000000781b00000|  0%| F|  |TAMS 0x0000000781a00000, 0x0000000781a00000| Untracked 
|  27|0x0000000781b00000, 0x0000000781b00000, 0x0000000781c00000|  0%| F|  |TAMS 0x0000000781b00000, 0x0000000781b00000| Untracked 
|  28|0x0000000781c00000, 0x0000000781c00000, 0x0000000781d00000|  0%| F|  |TAMS 0x0000000781c00000, 0x0000000781c00000| Untracked 
|  29|0x0000000781d00000, 0x0000000781d00000, 0x0000000781e00000|  0%| F|  |TAMS 0x0000000781d00000, 0x0000000781d00000| Untracked 
|  30|0x0000000781e00000, 0x0000000781e00000, 0x0000000781f00000|  0%| F|  |TAMS 0x0000000781e00000, 0x0000000781e00000| Untracked 
|  31|0x0000000781f00000, 0x0000000781f00000, 0x0000000782000000|  0%| F|  |TAMS 0x0000000781f00000, 0x0000000781f00000| Untracked 
|  32|0x0000000782000000, 0x0000000782000000, 0x0000000782100000|  0%| F|  |TAMS 0x0000000782000000, 0x0000000782000000| Untracked 
|  33|0x0000000782100000, 0x0000000782100000, 0x0000000782200000|  0%| F|  |TAMS 0x0000000782100000, 0x0000000782100000| Untracked 
|  34|0x0000000782200000, 0x0000000782200000, 0x0000000782300000|  0%| F|  |TAMS 0x0000000782200000, 0x0000000782200000| Untracked 
|  35|0x0000000782300000, 0x0000000782300000, 0x0000000782400000|  0%| F|  |TAMS 0x0000000782300000, 0x0000000782300000| Untracked 
|  36|0x0000000782400000, 0x0000000782400000, 0x0000000782500000|  0%| F|  |TAMS 0x0000000782400000, 0x0000000782400000| Untracked 
|  37|0x0000000782500000, 0x0000000782500000, 0x0000000782600000|  0%| F|  |TAMS 0x0000000782500000, 0x0000000782500000| Untracked 
|  38|0x0000000782600000, 0x0000000782600000, 0x0000000782700000|  0%| F|  |TAMS 0x0000000782600000, 0x0000000782600000| Untracked 
|  39|0x0000000782700000, 0x0000000782700000, 0x0000000782800000|  0%| F|  |TAMS 0x0000000782700000, 0x0000000782700000| Untracked 
|  40|0x0000000782800000, 0x0000000782800000, 0x0000000782900000|  0%| F|  |TAMS 0x0000000782800000, 0x0000000782800000| Untracked 
|  41|0x0000000782900000, 0x0000000782900000, 0x0000000782a00000|  0%| F|  |TAMS 0x0000000782900000, 0x0000000782900000| Untracked 
|  42|0x0000000782a00000, 0x0000000782a00000, 0x0000000782b00000|  0%| F|  |TAMS 0x0000000782a00000, 0x0000000782a00000| Untracked 
|  43|0x0000000782b00000, 0x0000000782b00000, 0x0000000782c00000|  0%| F|  |TAMS 0x0000000782b00000, 0x0000000782b00000| Untracked 
|  44|0x0000000782c00000, 0x0000000782c00000, 0x0000000782d00000|  0%| F|  |TAMS 0x0000000782c00000, 0x0000000782c00000| Untracked 
|  45|0x0000000782d00000, 0x0000000782d00000, 0x0000000782e00000|  0%| F|  |TAMS 0x0000000782d00000, 0x0000000782d00000| Untracked 
|  46|0x0000000782e00000, 0x0000000782e00000, 0x0000000782f00000|  0%| F|  |TAMS 0x0000000782e00000, 0x0000000782e00000| Untracked 
|  47|0x0000000782f00000, 0x0000000782f00000, 0x0000000783000000|  0%| F|  |TAMS 0x0000000782f00000, 0x0000000782f00000| Untracked 
|  48|0x0000000783000000, 0x0000000783000000, 0x0000000783100000|  0%| F|  |TAMS 0x0000000783000000, 0x0000000783000000| Untracked 
|  49|0x0000000783100000, 0x0000000783100000, 0x0000000783200000|  0%| F|  |TAMS 0x0000000783100000, 0x0000000783100000| Untracked 
|  50|0x0000000783200000, 0x0000000783200000, 0x0000000783300000|  0%| F|  |TAMS 0x0000000783200000, 0x0000000783200000| Untracked 
|  51|0x0000000783300000, 0x0000000783300000, 0x0000000783400000|  0%| F|  |TAMS 0x0000000783300000, 0x0000000783300000| Untracked 
|  52|0x0000000783400000, 0x0000000783400000, 0x0000000783500000|  0%| F|  |TAMS 0x0000000783400000, 0x0000000783400000| Untracked 
|  53|0x0000000783500000, 0x0000000783500000, 0x0000000783600000|  0%| F|  |TAMS 0x0000000783500000, 0x0000000783500000| Untracked 
|  54|0x0000000783600000, 0x0000000783600000, 0x0000000783700000|  0%| F|  |TAMS 0x0000000783600000, 0x0000000783600000| Untracked 
|  55|0x0000000783700000, 0x0000000783700000, 0x0000000783800000|  0%| F|  |TAMS 0x0000000783700000, 0x0000000783700000| Untracked 
|  56|0x0000000783800000, 0x0000000783800000, 0x0000000783900000|  0%| F|  |TAMS 0x0000000783800000, 0x0000000783800000| Untracked 
|  57|0x0000000783900000, 0x0000000783900000, 0x0000000783a00000|  0%| F|  |TAMS 0x0000000783900000, 0x0000000783900000| Untracked 
|  58|0x0000000783a00000, 0x0000000783a00000, 0x0000000783b00000|  0%| F|  |TAMS 0x0000000783a00000, 0x0000000783a00000| Untracked 
|  59|0x0000000783b00000, 0x0000000783b00000, 0x0000000783c00000|  0%| F|  |TAMS 0x0000000783b00000, 0x0000000783b00000| Untracked 
|  60|0x0000000783c00000, 0x0000000783c00000, 0x0000000783d00000|  0%| F|  |TAMS 0x0000000783c00000, 0x0000000783c00000| Untracked 
|  61|0x0000000783d00000, 0x0000000783d00000, 0x0000000783e00000|  0%| F|  |TAMS 0x0000000783d00000, 0x0000000783d00000| Untracked 
|  62|0x0000000783e00000, 0x0000000783e00000, 0x0000000783f00000|  0%| F|  |TAMS 0x0000000783e00000, 0x0000000783e00000| Untracked 
|  63|0x0000000783f00000, 0x0000000783f00000, 0x0000000784000000|  0%| F|  |TAMS 0x0000000783f00000, 0x0000000783f00000| Untracked 
|  64|0x0000000784000000, 0x0000000784000000, 0x0000000784100000|  0%| F|  |TAMS 0x0000000784000000, 0x0000000784000000| Untracked 
|  65|0x0000000784100000, 0x0000000784100000, 0x0000000784200000|  0%| F|  |TAMS 0x0000000784100000, 0x0000000784100000| Untracked 
|  66|0x0000000784200000, 0x0000000784200000, 0x0000000784300000|  0%| F|  |TAMS 0x0000000784200000, 0x0000000784200000| Untracked 
|  67|0x0000000784300000, 0x0000000784300000, 0x0000000784400000|  0%| F|  |TAMS 0x0000000784300000, 0x0000000784300000| Untracked 
|  68|0x0000000784400000, 0x0000000784400000, 0x0000000784500000|  0%| F|  |TAMS 0x0000000784400000, 0x0000000784400000| Untracked 
|  69|0x0000000784500000, 0x0000000784500000, 0x0000000784600000|  0%| F|  |TAMS 0x0000000784500000, 0x0000000784500000| Untracked 
|  70|0x0000000784600000, 0x0000000784600000, 0x0000000784700000|  0%| F|  |TAMS 0x0000000784600000, 0x0000000784600000| Untracked 
|  71|0x0000000784700000, 0x0000000784700000, 0x0000000784800000|  0%| F|  |TAMS 0x0000000784700000, 0x0000000784700000| Untracked 
|  72|0x0000000784800000, 0x0000000784800000, 0x0000000784900000|  0%| F|  |TAMS 0x0000000784800000, 0x0000000784800000| Untracked 
|  73|0x0000000784900000, 0x0000000784900000, 0x0000000784a00000|  0%| F|  |TAMS 0x0000000784900000, 0x0000000784900000| Untracked 
|  74|0x0000000784a00000, 0x0000000784a00000, 0x0000000784b00000|  0%| F|  |TAMS 0x0000000784a00000, 0x0000000784a00000| Untracked 
|  75|0x0000000784b00000, 0x0000000784b00000, 0x0000000784c00000|  0%| F|  |TAMS 0x0000000784b00000, 0x0000000784b00000| Untracked 
|  76|0x0000000784c00000, 0x0000000784c00000, 0x0000000784d00000|  0%| F|  |TAMS 0x0000000784c00000, 0x0000000784c00000| Untracked 
|  77|0x0000000784d00000, 0x0000000784d00000, 0x0000000784e00000|  0%| F|  |TAMS 0x0000000784d00000, 0x0000000784d00000| Untracked 
|  78|0x0000000784e00000, 0x0000000784e00000, 0x0000000784f00000|  0%| F|  |TAMS 0x0000000784e00000, 0x0000000784e00000| Untracked 
|  79|0x0000000784f00000, 0x0000000784f00000, 0x0000000785000000|  0%| F|  |TAMS 0x0000000784f00000, 0x0000000784f00000| Untracked 
|  80|0x0000000785000000, 0x0000000785000000, 0x0000000785100000|  0%| F|  |TAMS 0x0000000785000000, 0x0000000785000000| Untracked 
|  81|0x0000000785100000, 0x0000000785100000, 0x0000000785200000|  0%| F|  |TAMS 0x0000000785100000, 0x0000000785100000| Untracked 
|  82|0x0000000785200000, 0x0000000785200000, 0x0000000785300000|  0%| F|  |TAMS 0x0000000785200000, 0x0000000785200000| Untracked 
|  83|0x0000000785300000, 0x0000000785300000, 0x0000000785400000|  0%| F|  |TAMS 0x0000000785300000, 0x0000000785300000| Untracked 
|  84|0x0000000785400000, 0x0000000785400000, 0x0000000785500000|  0%| F|  |TAMS 0x0000000785400000, 0x0000000785400000| Untracked 
|  85|0x0000000785500000, 0x0000000785500000, 0x0000000785600000|  0%| F|  |TAMS 0x0000000785500000, 0x0000000785500000| Untracked 
|  86|0x0000000785600000, 0x0000000785600000, 0x0000000785700000|  0%| F|  |TAMS 0x0000000785600000, 0x0000000785600000| Untracked 
|  87|0x0000000785700000, 0x0000000785700000, 0x0000000785800000|  0%| F|  |TAMS 0x0000000785700000, 0x0000000785700000| Untracked 
|  88|0x0000000785800000, 0x0000000785800000, 0x0000000785900000|  0%| F|  |TAMS 0x0000000785800000, 0x0000000785800000| Untracked 
|  89|0x0000000785900000, 0x0000000785900000, 0x0000000785a00000|  0%| F|  |TAMS 0x0000000785900000, 0x0000000785900000| Untracked 
|  90|0x0000000785a00000, 0x0000000785a00000, 0x0000000785b00000|  0%| F|  |TAMS 0x0000000785a00000, 0x0000000785a00000| Untracked 
|  91|0x0000000785b00000, 0x0000000785b00000, 0x0000000785c00000|  0%| F|  |TAMS 0x0000000785b00000, 0x0000000785b00000| Untracked 
|  92|0x0000000785c00000, 0x0000000785c00000, 0x0000000785d00000|  0%| F|  |TAMS 0x0000000785c00000, 0x0000000785c00000| Untracked 
|  93|0x0000000785d00000, 0x0000000785d00000, 0x0000000785e00000|  0%| F|  |TAMS 0x0000000785d00000, 0x0000000785d00000| Untracked 
|  94|0x0000000785e00000, 0x0000000785e00000, 0x0000000785f00000|  0%| F|  |TAMS 0x0000000785e00000, 0x0000000785e00000| Untracked 
|  95|0x0000000785f00000, 0x0000000785f00000, 0x0000000786000000|  0%| F|  |TAMS 0x0000000785f00000, 0x0000000785f00000| Untracked 
|  96|0x0000000786000000, 0x0000000786000000, 0x0000000786100000|  0%| F|  |TAMS 0x0000000786000000, 0x0000000786000000| Untracked 
|  97|0x0000000786100000, 0x0000000786100000, 0x0000000786200000|  0%| F|  |TAMS 0x0000000786100000, 0x0000000786100000| Untracked 
|  98|0x0000000786200000, 0x0000000786200000, 0x0000000786300000|  0%| F|  |TAMS 0x0000000786200000, 0x0000000786200000| Untracked 
|  99|0x0000000786300000, 0x0000000786300000, 0x0000000786400000|  0%| F|  |TAMS 0x0000000786300000, 0x0000000786300000| Untracked 
| 100|0x0000000786400000, 0x0000000786400000, 0x0000000786500000|  0%| F|  |TAMS 0x0000000786400000, 0x0000000786400000| Untracked 
| 101|0x0000000786500000, 0x0000000786500000, 0x0000000786600000|  0%| F|  |TAMS 0x0000000786500000, 0x0000000786500000| Untracked 
| 102|0x0000000786600000, 0x0000000786600000, 0x0000000786700000|  0%| F|  |TAMS 0x0000000786600000, 0x0000000786600000| Untracked 
| 103|0x0000000786700000, 0x0000000786700000, 0x0000000786800000|  0%| F|  |TAMS 0x0000000786700000, 0x0000000786700000| Untracked 
| 104|0x0000000786800000, 0x0000000786800000, 0x0000000786900000|  0%| F|  |TAMS 0x0000000786800000, 0x0000000786800000| Untracked 
| 105|0x0000000786900000, 0x0000000786900000, 0x0000000786a00000|  0%| F|  |TAMS 0x0000000786900000, 0x0000000786900000| Untracked 
| 106|0x0000000786a00000, 0x0000000786a00000, 0x0000000786b00000|  0%| F|  |TAMS 0x0000000786a00000, 0x0000000786a00000| Untracked 
| 107|0x0000000786b00000, 0x0000000786b00000, 0x0000000786c00000|  0%| F|  |TAMS 0x0000000786b00000, 0x0000000786b00000| Untracked 
| 108|0x0000000786c00000, 0x0000000786c00000, 0x0000000786d00000|  0%| F|  |TAMS 0x0000000786c00000, 0x0000000786c00000| Untracked 
| 109|0x0000000786d00000, 0x0000000786d00000, 0x0000000786e00000|  0%| F|  |TAMS 0x0000000786d00000, 0x0000000786d00000| Untracked 
| 110|0x0000000786e00000, 0x0000000786e00000, 0x0000000786f00000|  0%| F|  |TAMS 0x0000000786e00000, 0x0000000786e00000| Untracked 
| 111|0x0000000786f00000, 0x0000000786f00000, 0x0000000787000000|  0%| F|  |TAMS 0x0000000786f00000, 0x0000000786f00000| Untracked 
| 112|0x0000000787000000, 0x0000000787000000, 0x0000000787100000|  0%| F|  |TAMS 0x0000000787000000, 0x0000000787000000| Untracked 
| 113|0x0000000787100000, 0x0000000787100000, 0x0000000787200000|  0%| F|  |TAMS 0x0000000787100000, 0x0000000787100000| Untracked 
| 114|0x0000000787200000, 0x0000000787200000, 0x0000000787300000|  0%| F|  |TAMS 0x0000000787200000, 0x0000000787200000| Untracked 
| 115|0x0000000787300000, 0x0000000787300000, 0x0000000787400000|  0%| F|  |TAMS 0x0000000787300000, 0x0000000787300000| Untracked 
| 116|0x0000000787400000, 0x0000000787400000, 0x0000000787500000|  0%| F|  |TAMS 0x0000000787400000, 0x0000000787400000| Untracked 
| 117|0x0000000787500000, 0x0000000787500000, 0x0000000787600000|  0%| F|  |TAMS 0x0000000787500000, 0x0000000787500000| Untracked 
| 118|0x0000000787600000, 0x0000000787600000, 0x0000000787700000|  0%| F|  |TAMS 0x0000000787600000, 0x0000000787600000| Untracked 
| 119|0x0000000787700000, 0x0000000787700000, 0x0000000787800000|  0%| F|  |TAMS 0x0000000787700000, 0x0000000787700000| Untracked 
| 120|0x0000000787800000, 0x0000000787800000, 0x0000000787900000|  0%| F|  |TAMS 0x0000000787800000, 0x0000000787800000| Untracked 
| 121|0x0000000787900000, 0x0000000787900000, 0x0000000787a00000|  0%| F|  |TAMS 0x0000000787900000, 0x0000000787900000| Untracked 
| 122|0x0000000787a00000, 0x0000000787a92210, 0x0000000787b00000| 57%| E|  |TAMS 0x0000000787a00000, 0x0000000787a00000| Complete 
| 123|0x0000000787b00000, 0x0000000787c00000, 0x0000000787c00000|100%| E|CS|TAMS 0x0000000787b00000, 0x0000000787b00000| Complete 
| 124|0x0000000787c00000, 0x0000000787d00000, 0x0000000787d00000|100%| E|CS|TAMS 0x0000000787c00000, 0x0000000787c00000| Complete 
| 125|0x0000000787d00000, 0x0000000787e00000, 0x0000000787e00000|100%| E|CS|TAMS 0x0000000787d00000, 0x0000000787d00000| Complete 
| 126|0x0000000787e00000, 0x0000000787f00000, 0x0000000787f00000|100%| E|CS|TAMS 0x0000000787e00000, 0x0000000787e00000| Complete 
| 127|0x0000000787f00000, 0x0000000788000000, 0x0000000788000000|100%| E|CS|TAMS 0x0000000787f00000, 0x0000000787f00000| Complete 

Card table byte_map: [0x0000000128d8d000,0x000000012918d000] _byte_map_base: 0x000000012518d000

Marking Bits (Prev, Next): (CMBitMap*) 0x00007fdb2783b018, (CMBitMap*) 0x00007fdb2783b050
 Prev Bits: [0x000000012958d000, 0x000000012b58d000)
 Next Bits: [0x000000012b58d000, 0x000000012d58d000)

Polling page: 0x000000010f6f1000

Metaspace:

Usage:
  Non-class:      7.54 MB capacity,     7.41 MB ( 98%) used,   117.41 KB (  2%) free+waste,    12.19 KB ( <1%) overhead. 
      Class:    860.00 KB capacity,   772.35 KB ( 90%) used,    81.59 KB (  9%) free+waste,     6.06 KB ( <1%) overhead. 
       Both:      8.38 MB capacity,     8.16 MB ( 97%) used,   198.99 KB (  2%) free+waste,    18.25 KB ( <1%) overhead. 

Virtual space:
  Non-class space:        8.00 MB reserved,       7.75 MB ( 97%) committed 
      Class space:        1.00 GB reserved,     896.00 KB ( <1%) committed 
             Both:        1.01 GB reserved,       8.62 MB ( <1%) committed 

Chunk freelists:
   Non-Class:  40.00 KB
       Class:  4.00 KB
        Both:  44.00 KB

MaxMetaspaceSize: unlimited
CompressedClassSpaceSize: 1.00 GB

CodeHeap 'non-profiled nmethods': size=120032Kb used=144Kb max_used=144Kb free=119887Kb
 bounds [0x0000000120e7f000, 0x00000001210ef000, 0x00000001283b7000]
CodeHeap 'profiled nmethods': size=120032Kb used=742Kb max_used=742Kb free=119289Kb
 bounds [0x0000000119947000, 0x0000000119bb7000, 0x0000000120e7f000]
CodeHeap 'non-nmethods': size=5696Kb used=1063Kb max_used=1075Kb free=4632Kb
 bounds [0x00000001193b7000, 0x0000000119627000, 0x0000000119947000]
 total_blobs=897 nmethods=523 adapters=287
 compilation: enabled
              stopped_count=0, restarted_count=0
 full_count=0

Compilation events (20 events):
Event: 10.823 Thread 0x00007fdb28004800  512       1       java.lang.reflect.Field::getRoot (5 bytes)
Event: 10.823 Thread 0x00007fdb28004800 nmethod 512 0x0000000120ea2310 code [0x0000000120ea24c0, 0x0000000120ea2570]
Event: 10.824 Thread 0x00007fdb28004800  514       3       java.lang.Number::<init> (5 bytes)
Event: 10.825 Thread 0x00007fdb28004800 nmethod 514 0x00000001199feb10 code [0x00000001199fecc0, 0x00000001199fee10]
Event: 10.825 Thread 0x00007fdb28004800  515       3       java.lang.Short::<init> (10 bytes)
Event: 10.825 Thread 0x00007fdb28004800 nmethod 515 0x00000001199fef10 code [0x00000001199ff0c0, 0x00000001199ff270]
Event: 10.825 Thread 0x00007fdb28004800  516       3       java.lang.Integer::valueOf (32 bytes)
Event: 10.825 Thread 0x00007fdb28004800 nmethod 516 0x00000001199ff390 code [0x00000001199ff560, 0x00000001199ff870]
Event: 10.825 Thread 0x00007fdb28004800  517       3       java.nio.Buffer::remaining (10 bytes)
Event: 10.825 Thread 0x00007fdb28004800 nmethod 517 0x00000001199ffa10 code [0x00000001199ffbc0, 0x00000001199ffcb0]
Event: 10.825 Thread 0x00007fdb28004800  518       1       java.lang.NamedPackage::module (5 bytes)
Event: 10.825 Thread 0x00007fdb28004800 nmethod 518 0x0000000120ea2610 code [0x0000000120ea27c0, 0x0000000120ea2870]
Event: 10.829 Thread 0x00007fdb28820000  519 %     4       java.util.zip.ZipFile$Source::hashN @ 2 (26 bytes)
Event: 10.832 Thread 0x00007fdb28004800  520       3       java.io.RandomAccessFile::read (8 bytes)
Event: 10.832 Thread 0x00007fdb28004800 nmethod 520 0x00000001199ffd10 code [0x00000001199ffec0, 0x00000001199fffe0]
Event: 10.832 Thread 0x00007fdb28004800  522       3       java.util.WeakHashMap::maskNull (12 bytes)
Event: 10.832 Thread 0x00007fdb28004800 nmethod 522 0x0000000119a00090 code [0x0000000119a00240, 0x0000000119a00370]
Event: 10.832 Thread 0x00007fdb28004800  523       3       java.util.WeakHashMap::hash (28 bytes)
Event: 10.832 Thread 0x00007fdb28004800 nmethod 523 0x0000000119a00410 code [0x0000000119a005c0, 0x0000000119a007a0]
Event: 10.832 Thread 0x00007fdb28820000 nmethod 519% 0x0000000120ea2d10 code [0x0000000120ea2ea0, 0x0000000120ea3118]

GC Heap History (0 events):
No events

Deoptimization events (4 events):
Event: 0.066 Thread 0x00007fdb2780f800 Uncommon trap: trap_request=0xffffff4d fr.pc=0x0000000120e832a0 relative=0x0000000000000200
Event: 0.066 Thread 0x00007fdb2780f800 Uncommon trap: reason=unstable_if action=reinterpret pc=0x0000000120e832a0 method=java.lang.String.hashCode()I @ 14 c2
Event: 0.066 Thread 0x00007fdb2780f800 DEOPT PACKING pc=0x0000000120e832a0 sp=0x0000700002357430
Event: 0.066 Thread 0x00007fdb2780f800 DEOPT UNPACKING pc=0x00000001193dd7a5 sp=0x00007000023573e8 mode 2

Classes redefined (0 events):
No events

Internal exceptions (11 events):
Event: 0.191 Thread 0x00007fdb2780f800 Exception <a 'java/lang/ClassNotFoundException'{0x0000000787edb890}: sun/awt/resources/spi/awtProvider> (0x0000000787edb890) thrown at [./src/hotspot/share/classfile/systemDictionary.cpp, line 231]
Event: 0.359 Thread 0x00007fdb2780f800 Exception <a 'java/io/FileNotFoundException'{0x0000000787d77a00}> (0x0000000787d77a00) thrown at [./src/hotspot/share/prims/jni.cpp, line 615]
Event: 0.370 Thread 0x00007fdb2780f800 Exception <a 'java/lang/NoSuchMethodError'{0x0000000787dd2a38}: 'java.lang.Object java.lang.invoke.DirectMethodHandle$Holder.invokeStatic(java.lang.Object, java.lang.Object, java.lang.Object, java.lang.Object, java.lang.Object, java.lang.Object, java.lang.Object, java.lang.Object, java.lang.Object, java.lang.Object, java.lang.Object, java.lang.Object, java.lang.Object, java.lang.Object, java.lang.Object)'> (0x0000000787dd2a38) thrown at [./src/hotspot/share/interpreter/linkResolver.cpp, line 773]
Event: 0.372 Thread 0x00007fdb2780f800 Exception <a 'java/lang/NoSuchMethodError'{0x0000000787de0dd8}: 'java.lang.Object java.lang.invoke.DirectMethodHandle$Holder.invokeStatic(java.lang.Object, java.lang.Object, java.lang.Object, java.lang.Object, java.lang.Object, java.lang.Object, java.lang.Object, java.lang.Object, java.lang.Object, java.lang.Object, java.lang.Object, java.lang.Object, java.lang.Object, java.lang.Object, java.lang.Object, java.lang.Object)'> (0x0000000787de0dd8) thrown at [./src/hotspot/share/interpreter/linkResolver.cpp, l
Event: 0.373 Thread 0x00007fdb2780f800 Exception <a 'java/lang/NoSuchMethodError'{0x0000000787deea48}: 'java.lang.Object java.lang.invoke.DirectMethodHandle$Holder.invokeSpecial(java.lang.Object, java.lang.Object, int, int, java.lang.Object, java.lang.Object, java.lang.Object)'> (0x0000000787deea48) thrown at [./src/hotspot/share/interpreter/linkResolver.cpp, line 773]
Event: 0.373 Thread 0x00007fdb2780f800 Exception <a 'java/lang/NoSuchMethodError'{0x0000000787df1fd8}: 'java.lang.Object java.lang.invoke.DelegatingMethodHandle$Holder.reinvoke_L(java.lang.Object, int, int, java.lang.Object, java.lang.Object, java.lang.Object)'> (0x0000000787df1fd8) thrown at [./src/hotspot/share/interpreter/linkResolver.cpp, line 773]
Event: 0.374 Thread 0x00007fdb2780f800 Exception <a 'java/lang/NoSuchMethodError'{0x0000000787df6360}: 'java.lang.Object java.lang.invoke.DirectMethodHandle$Holder.invokeStatic(java.lang.Object, java.lang.Object, java.lang.Object, java.lang.Object, int)'> (0x0000000787df6360) thrown at [./src/hotspot/share/interpreter/linkResolver.cpp, line 773]
Event: 0.382 Thread 0x00007fdb2780f800 Exception <a 'java/io/FileNotFoundException'{0x0000000787c59848}> (0x0000000787c59848) thrown at [./src/hotspot/share/prims/jni.cpp, line 615]
Event: 0.386 Thread 0x00007fdb2780f800 Exception <a 'java/lang/ClassNotFoundException'{0x0000000787c5e2c8}: sun/awt/resources/spi/awtosxProvider> (0x0000000787c5e2c8) thrown at [./src/hotspot/share/classfile/systemDictionary.cpp, line 231]
Event: 0.472 Thread 0x00007fdb2780f800 Exception <a 'java/lang/NoSuchMethodError'{0x0000000787cf0e28}: 'java.lang.Object java.lang.invoke.DirectMethodHandle$Holder.invokeStatic(java.lang.Object, java.lang.Object, java.lang.Object, java.lang.Object, java.lang.Object, java.lang.Object, java.lang.Object, java.lang.Object, int)'> (0x0000000787cf0e28) thrown at [./src/hotspot/share/interpreter/linkResolver.cpp, line 773]
Event: 0.474 Thread 0x00007fdb2780f800 Exception <a 'java/lang/NoSuchMethodError'{0x0000000787b0b3c8}: 'java.lang.Object java.lang.invoke.DirectMethodHandle$Holder.invokeStatic(java.lang.Object, java.lang.Object, java.lang.Object, java.lang.Object, java.lang.Object, java.lang.Object, java.lang.Object, java.lang.Object, int, int)'> (0x0000000787b0b3c8) thrown at [./src/hotspot/share/interpreter/linkResolver.cpp, line 773]

Events (20 events):
Event: 10.821 loading class jdk/internal/reflect/UnsafeQualifiedStaticIntegerFieldAccessorImpl
Event: 10.821 loading class jdk/internal/reflect/UnsafeQualifiedStaticIntegerFieldAccessorImpl done
Event: 10.823 loading class org/lwjgl/input/Keyboard$KeyEvent
Event: 10.823 loading class org/lwjgl/input/Keyboard$KeyEvent done
Event: 10.823 loading class org/lwjgl/opengl/MacOSXNativeKeyboard
Event: 10.823 loading class org/lwjgl/opengl/MacOSXNativeKeyboard done
Event: 10.824 loading class java/lang/Short$ShortCache
Event: 10.824 loading class java/lang/Short$ShortCache done
Event: 10.825 loading class org/lwjgl/opengl/ContextGL
Event: 10.825 loading class org/lwjgl/opengl/ContextGL done
Event: 10.828 loading class org/lwjgl/opengl/ContextImplementation
Event: 10.828 loading class org/lwjgl/opengl/ContextImplementation done
Event: 10.828 loading class org/lwjgl/opengl/MacOSXContextImplementation
Event: 10.828 loading class org/lwjgl/opengl/MacOSXContextImplementation done
Event: 10.828 loading class org/lwjgl/opengl/GLContext
Event: 10.828 loading class org/lwjgl/opengl/GLContext done
Event: 10.831 loading class java/lang/NumberFormatException
Event: 10.831 loading class java/lang/NumberFormatException done
Event: 10.832 loading class org/lwjgl/opengl/GLContext$CapabilitiesCacheEntry
Event: 10.832 loading class org/lwjgl/opengl/GLContext$CapabilitiesCacheEntry done


Dynamic libraries:
0x0000000107b78000 	/System/Library/Frameworks/Cocoa.framework/Versions/A/Cocoa
0x0000000107b80000 	/System/Library/Frameworks/Security.framework/Versions/A/Security
0x0000000108022000 	/System/Library/Frameworks/ApplicationServices.framework/Versions/A/ApplicationServices
0x00007fff59e55000 	/usr/lib/libz.1.dylib
0x000000010802b000 	/Library/Java/JavaVirtualMachines/adoptopenjdk-11.jdk/Contents/Home/lib/jli/libjli.dylib
0x0000000108040000 	/usr/lib/libSystem.B.dylib
0x000000010872a000 	/System/Library/Frameworks/AppKit.framework/Versions/C/AppKit
0x00007fff2e38d000 	/System/Library/Frameworks/CoreData.framework/Versions/A/CoreData
0x0000000109e9b000 	/System/Library/Frameworks/Foundation.framework/Versions/C/Foundation
0x00007fff51271000 	/System/Library/PrivateFrameworks/RemoteViewServices.framework/Versions/A/RemoteViewServices
0x0000000108047000 	/System/Library/PrivateFrameworks/UIFoundation.framework/Versions/A/UIFoundation
0x00007fff56bcd000 	/System/Library/PrivateFrameworks/XCTTargetBootstrap.framework/Versions/A/XCTTargetBootstrap
0x00000001082e3000 	/System/Library/Frameworks/CoreDisplay.framework/Versions/A/CoreDisplay
0x00007fff4bf85000 	/System/Library/PrivateFrameworks/IconServices.framework/Versions/A/IconServices
0x0000000108404000 	/System/Library/Frameworks/Metal.framework/Versions/A/Metal
0x000000010a525000 	/System/Library/PrivateFrameworks/DesktopServicesPriv.framework/Versions/A/DesktopServicesPriv
0x00007fff58348000 	/usr/lib/libenergytrace.dylib
0x000000010a71f000 	/System/Library/PrivateFrameworks/SkyLight.framework/Versions/A/SkyLight
0x000000010aab5000 	/System/Library/Frameworks/CoreGraphics.framework/Versions/A/CoreGraphics
0x00007fff2abe6000 	/System/Library/Frameworks/Accelerate.framework/Versions/A/Accelerate
0x00007fff311d1000 	/System/Library/Frameworks/IOSurface.framework/Versions/A/IOSurface
0x00007fff43335000 	/System/Library/PrivateFrameworks/DFRFoundation.framework/Versions/A/DFRFoundation
0x000000010b29a000 	/System/Library/Frameworks/AudioToolbox.framework/Versions/A/AudioToolbox
0x00000001085d2000 	/System/Library/Frameworks/AudioUnit.framework/Versions/A/AudioUnit
0x00007fff433ca000 	/System/Library/PrivateFrameworks/DataDetectorsCore.framework/Versions/A/DataDetectorsCore
0x000000010b654000 	/System/Library/Frameworks/Carbon.framework/Versions/A/Frameworks/HIToolbox.framework/Versions/A/HIToolbox
0x00007fff584a1000 	/usr/lib/libicucore.A.dylib
0x000000010bace000 	/System/Library/Frameworks/QuartzCore.framework/Versions/A/QuartzCore
0x00000001085dd000 	/System/Library/Frameworks/Carbon.framework/Versions/A/Frameworks/SpeechRecognition.framework/Versions/A/SpeechRecognition
0x00007fff57900000 	/usr/lib/libauto.dylib
0x000000010be24000 	/usr/lib/libxml2.2.dylib
0x00007fff42f10000 	/System/Library/PrivateFrameworks/CoreUI.framework/Versions/A/CoreUI
0x000000010bf40000 	/System/Library/Frameworks/CoreAudio.framework/Versions/A/CoreAudio
0x00000001085ed000 	/System/Library/Frameworks/DiskArbitration.framework/Versions/A/DiskArbitration
0x00007fff5874f000 	/usr/lib/liblangid.dylib
0x00007fff4d3b6000 	/System/Library/PrivateFrameworks/MultitouchSupport.framework/Versions/A/MultitouchSupport
0x000000010bff2000 	/System/Library/Frameworks/IOKit.framework/Versions/A/IOKit
0x00007fff5736c000 	/usr/lib/libDiagnosticMessagesClient.dylib
0x0000000108026000 	/System/Library/Frameworks/CoreServices.framework/Versions/A/CoreServices
0x00007fff4f070000 	/System/Library/PrivateFrameworks/PerformanceAnalysis.framework/Versions/A/PerformanceAnalysis
0x00000001085fd000 	/System/Library/Frameworks/OpenGL.framework/Versions/A/OpenGL
0x00007fff58fe5000 	/usr/lib/libobjc.A.dylib
0x000000010c0c9000 	/System/Library/Frameworks/ColorSync.framework/Versions/A/ColorSync
0x000000010c26a000 	/System/Library/Frameworks/CoreFoundation.framework/Versions/A/CoreFoundation
0x00007fff2f2dd000 	/System/Library/Frameworks/CoreImage.framework/Versions/A/CoreImage
0x000000010c94a000 	/System/Library/Frameworks/CoreText.framework/Versions/A/CoreText
0x000000010cb7c000 	/System/Library/Frameworks/ImageIO.framework/Versions/A/ImageIO
0x00007fff3f561000 	/System/Library/PrivateFrameworks/Backup.framework/Versions/A/Backup
0x00007fff57853000 	/usr/lib/libarchive.2.dylib
0x000000010cdcb000 	/System/Library/Frameworks/CFNetwork.framework/Versions/A/CFNetwork
0x000000010d496000 	/System/Library/Frameworks/SystemConfiguration.framework/Versions/A/SystemConfiguration
0x00007fff5729d000 	/usr/lib/libCRFSuite.dylib
0x00007fff579f1000 	/usr/lib/libc++.1.dylib
0x00007fff57a45000 	/usr/lib/libc++abi.dylib
0x00007fff5a64b000 	/usr/lib/system/libcache.dylib
0x00007fff5a650000 	/usr/lib/system/libcommonCrypto.dylib
0x00007fff5a65b000 	/usr/lib/system/libcompiler_rt.dylib
0x00007fff5a663000 	/usr/lib/system/libcopyfile.dylib
0x00007fff5a66d000 	/usr/lib/system/libcorecrypto.dylib
0x00007fff5a778000 	/usr/lib/system/libdispatch.dylib
0x00007fff5a7b2000 	/usr/lib/system/libdyld.dylib
0x00007fff5a7df000 	/usr/lib/system/libkeymgr.dylib
0x0000000108617000 	/usr/lib/system/liblaunch.dylib
0x00007fff5a7ee000 	/usr/lib/system/libmacho.dylib
0x000000010861e000 	/usr/lib/system/libquarantine.dylib
0x00007fff5a7f7000 	/usr/lib/system/libremovefile.dylib
0x00007fff5a7f9000 	/usr/lib/system/libsystem_asl.dylib
0x00007fff5a811000 	/usr/lib/system/libsystem_blocks.dylib
0x00007fff5a812000 	/usr/lib/system/libsystem_c.dylib
0x00007fff5a89a000 	/usr/lib/system/libsystem_configuration.dylib
0x00007fff5a89e000 	/usr/lib/system/libsystem_coreservices.dylib
0x00007fff5a8a2000 	/usr/lib/system/libsystem_darwin.dylib
0x0000000108627000 	/usr/lib/system/libsystem_dnssd.dylib
0x00007fff5a8b0000 	/usr/lib/system/libsystem_info.dylib
0x00007fff5a925000 	/usr/lib/system/libsystem_m.dylib
0x00007fff5a971000 	/usr/lib/system/libsystem_malloc.dylib
0x00007fff5a99c000 	/usr/lib/system/libsystem_networkextension.dylib
0x00007fff5a9a7000 	/usr/lib/system/libsystem_notify.dylib
0x0000000108633000 	/usr/lib/system/libsystem_sandbox.dylib
0x00007fff5a9c8000 	/usr/lib/system/libsystem_secinit.dylib
0x000000010d53c000 	/usr/lib/system/libsystem_kernel.dylib
0x00007fff5a9af000 	/usr/lib/system/libsystem_platform.dylib
0x00007fff5a9b9000 	/usr/lib/system/libsystem_pthread.dylib
0x00007fff5a9cb000 	/usr/lib/system/libsystem_symptoms.dylib
0x000000010d57f000 	/usr/lib/system/libsystem_trace.dylib
0x00007fff5a9ea000 	/usr/lib/system/libunwind.dylib
0x000000010d5a4000 	/usr/lib/system/libxpc.dylib
0x00007fff579d2000 	/usr/lib/libbsm.0.dylib
0x000000010863d000 	/usr/lib/system/libkxld.dylib
0x00007fff3e952000 	/System/Library/PrivateFrameworks/AppleFSCompression.framework/Versions/A/AppleFSCompression
0x00007fff5766c000 	/usr/lib/libOpenScriptingUtil.dylib
0x00007fff57cfa000 	/usr/lib/libcoretls.dylib
0x00007fff57d11000 	/usr/lib/libcoretls_cfhelpers.dylib
0x00007fff5977c000 	/usr/lib/libpam.2.dylib
0x00007fff5993c000 	/usr/lib/libsqlite3.dylib
0x00007fff59d36000 	/usr/lib/libxar.1.dylib
0x00007fff579e3000 	/usr/lib/libbz2.1.0.dylib
0x00007fff58751000 	/usr/lib/liblzma.5.dylib
0x00007fff58c02000 	/usr/lib/libnetwork.dylib
0x00007fff5783c000 	/usr/lib/libapple_nghttp2.dylib
0x000000010d5f7000 	/usr/lib/libpcap.A.dylib
0x000000010864f000 	/System/Library/Frameworks/CoreServices.framework/Versions/A/Frameworks/FSEvents.framework/Versions/A/FSEvents
0x000000010d63c000 	/System/Library/Frameworks/CoreServices.framework/Versions/A/Frameworks/CarbonCore.framework/Versions/A/CarbonCore
0x000000010d98a000 	/System/Library/Frameworks/CoreServices.framework/Versions/A/Frameworks/Metadata.framework/Versions/A/Metadata
0x000000010daa1000 	/System/Library/Frameworks/CoreServices.framework/Versions/A/Frameworks/OSServices.framework/Versions/A/OSServices
0x000000010db2a000 	/System/Library/Frameworks/CoreServices.framework/Versions/A/Frameworks/SearchKit.framework/Versions/A/SearchKit
0x000000010dbd3000 	/System/Library/Frameworks/CoreServices.framework/Versions/A/Frameworks/AE.framework/Versions/A/AE
0x000000010dc82000 	/System/Library/Frameworks/CoreServices.framework/Versions/A/Frameworks/LaunchServices.framework/Versions/A/LaunchServices
0x000000010df3c000 	/System/Library/Frameworks/CoreServices.framework/Versions/A/Frameworks/DictionaryServices.framework/Versions/A/DictionaryServices
0x000000010dfb7000 	/System/Library/Frameworks/CoreServices.framework/Versions/A/Frameworks/SharedFileList.framework/Versions/A/SharedFileList
0x00007fff34472000 	/System/Library/Frameworks/NetFS.framework/Versions/A/NetFS
0x00007fff4d61c000 	/System/Library/PrivateFrameworks/NetAuth.framework/Versions/A/NetAuth
0x00007fff56fd1000 	/System/Library/PrivateFrameworks/login.framework/Versions/A/Frameworks/loginsupport.framework/Versions/A/loginsupport
0x000000010dffa000 	/System/Library/PrivateFrameworks/TCC.framework/Versions/A/TCC
0x00007fff4256d000 	/System/Library/PrivateFrameworks/CoreNLP.framework/Versions/A/CoreNLP
0x000000010e013000 	/System/Library/PrivateFrameworks/MetadataUtilities.framework/Versions/A/MetadataUtilities
0x00007fff58826000 	/usr/lib/libmecabra.dylib
0x000000010e051000 	/System/Library/Frameworks/ApplicationServices.framework/Versions/A/Frameworks/ATS.framework/Versions/A/ATS
0x000000010e0e9000 	/System/Library/Frameworks/ApplicationServices.framework/Versions/A/Frameworks/ColorSyncLegacy.framework/Versions/A/ColorSyncLegacy
0x000000010e0f6000 	/System/Library/Frameworks/ApplicationServices.framework/Versions/A/Frameworks/HIServices.framework/Versions/A/HIServices
0x000000010e182000 	/System/Library/Frameworks/ApplicationServices.framework/Versions/A/Frameworks/LangAnalysis.framework/Versions/A/LangAnalysis
0x000000010e1a0000 	/System/Library/Frameworks/ApplicationServices.framework/Versions/A/Frameworks/PrintCore.framework/Versions/A/PrintCore
0x000000010e217000 	/System/Library/Frameworks/ApplicationServices.framework/Versions/A/Frameworks/QD.framework/Versions/A/QD
0x000000010e27c000 	/System/Library/Frameworks/ApplicationServices.framework/Versions/A/Frameworks/SpeechSynthesis.framework/Versions/A/SpeechSynthesis
0x00007fff57a6d000 	/usr/lib/libcompression.dylib
0x00007fff3367a000 	/System/Library/Frameworks/MetalPerformanceShaders.framework/Versions/A/MetalPerformanceShaders
0x00007fff2abfe000 	/System/Library/Frameworks/Accelerate.framework/Versions/A/Frameworks/vImage.framework/Versions/A/vImage
0x00007fff2bc78000 	/System/Library/Frameworks/Accelerate.framework/Versions/A/Frameworks/vecLib.framework/Versions/A/vecLib
0x00007fff2bbc4000 	/System/Library/Frameworks/Accelerate.framework/Versions/A/Frameworks/vecLib.framework/Versions/A/libvMisc.dylib
0x00007fff2b9dc000 	/System/Library/Frameworks/Accelerate.framework/Versions/A/Frameworks/vecLib.framework/Versions/A/libvDSP.dylib
0x00007fff2b298000 	/System/Library/Frameworks/Accelerate.framework/Versions/A/Frameworks/vecLib.framework/Versions/A/libBLAS.dylib
0x00007fff2b585000 	/System/Library/Frameworks/Accelerate.framework/Versions/A/Frameworks/vecLib.framework/Versions/A/libLAPACK.dylib
0x00007fff2b92f000 	/System/Library/Frameworks/Accelerate.framework/Versions/A/Frameworks/vecLib.framework/Versions/A/libLinearAlgebra.dylib
0x00007fff2b9c8000 	/System/Library/Frameworks/Accelerate.framework/Versions/A/Frameworks/vecLib.framework/Versions/A/libSparseBLAS.dylib
0x00007fff2b945000 	/System/Library/Frameworks/Accelerate.framework/Versions/A/Frameworks/vecLib.framework/Versions/A/libQuadrature.dylib
0x00007fff2b512000 	/System/Library/Frameworks/Accelerate.framework/Versions/A/Frameworks/vecLib.framework/Versions/A/libBNNS.dylib
0x00007fff2b94b000 	/System/Library/Frameworks/Accelerate.framework/Versions/A/Frameworks/vecLib.framework/Versions/A/libSparse.dylib
0x000000010e29d000 	/System/Library/PrivateFrameworks/GPUWrangler.framework/Versions/A/GPUWrangler
0x000000010e2a9000 	/System/Library/PrivateFrameworks/IOAccelerator.framework/Versions/A/IOAccelerator
0x000000010e2bc000 	/System/Library/PrivateFrameworks/IOPresentment.framework/Versions/A/IOPresentment
0x00007fff43345000 	/System/Library/PrivateFrameworks/DSExternalDisplay.framework/Versions/A/DSExternalDisplay
0x000000010e2f1000 	/System/Library/Frameworks/OpenGL.framework/Versions/A/Libraries/libCoreFSCache.dylib
0x00007fff3346e000 	/System/Library/Frameworks/MetalPerformanceShaders.framework/Frameworks/MPSCore.framework/Versions/A/MPSCore
0x00007fff3348e000 	/System/Library/Frameworks/MetalPerformanceShaders.framework/Frameworks/MPSImage.framework/Versions/A/MPSImage
0x00007fff33533000 	/System/Library/Frameworks/MetalPerformanceShaders.framework/Frameworks/MPSNeuralNetwork.framework/Versions/A/MPSNeuralNetwork
0x00007fff3350b000 	/System/Library/Frameworks/MetalPerformanceShaders.framework/Frameworks/MPSMatrix.framework/Versions/A/MPSMatrix
0x00007fff3365f000 	/System/Library/Frameworks/MetalPerformanceShaders.framework/Frameworks/MPSRayIntersector.framework/Versions/A/MPSRayIntersector
0x000000010e2fe000 	/System/Library/PrivateFrameworks/MetalTools.framework/Versions/A/MetalTools
0x00007fff3e1fc000 	/System/Library/PrivateFrameworks/AggregateDictionary.framework/Versions/A/AggregateDictionary
0x00007fff5764c000 	/usr/lib/libMobileGestalt.dylib
0x00007fff30596000 	/System/Library/Frameworks/CoreVideo.framework/Versions/A/CoreVideo
0x00007fff4a6cc000 	/System/Library/PrivateFrameworks/GraphVisualizer.framework/Versions/A/GraphVisualizer
0x00007fff4454b000 	/System/Library/PrivateFrameworks/FaceCore.framework/Versions/A/FaceCore
0x000000010e43d000 	/System/Library/Frameworks/OpenCL.framework/Versions/A/OpenCL
0x00007fff573a4000 	/usr/lib/libFosl_dynamic.dylib
0x000000010e4b0000 	/System/Library/PrivateFrameworks/OTSVG.framework/Versions/A/OTSVG
0x000000010e576000 	/System/Library/Frameworks/ApplicationServices.framework/Versions/A/Frameworks/ATS.framework/Versions/A/Resources/libFontParser.dylib
0x000000010e710000 	/System/Library/Frameworks/ApplicationServices.framework/Versions/A/Frameworks/ATS.framework/Versions/A/Resources/libFontRegistry.dylib
0x000000010e781000 	/System/Library/Frameworks/ImageIO.framework/Versions/A/Resources/libJPEG.dylib
0x000000010e7af000 	/System/Library/Frameworks/ImageIO.framework/Versions/A/Resources/libTIFF.dylib
0x000000010e80d000 	/System/Library/Frameworks/ImageIO.framework/Versions/A/Resources/libPng.dylib
0x000000010e83f000 	/System/Library/Frameworks/ImageIO.framework/Versions/A/Resources/libGIF.dylib
0x000000010e849000 	/System/Library/Frameworks/ImageIO.framework/Versions/A/Resources/libJP2.dylib
0x000000010e94e000 	/System/Library/Frameworks/ImageIO.framework/Versions/A/Resources/libRadiance.dylib
0x00007fff3eaa9000 	/System/Library/PrivateFrameworks/AppleJPEG.framework/Versions/A/AppleJPEG
0x000000010e955000 	/System/Library/Frameworks/OpenGL.framework/Versions/A/Libraries/libGFXShared.dylib
0x000000010e965000 	/System/Library/Frameworks/OpenGL.framework/Versions/A/Libraries/libGLU.dylib
0x000000010e9b3000 	/System/Library/Frameworks/OpenGL.framework/Versions/A/Libraries/libGL.dylib
0x000000010e9d3000 	/System/Library/Frameworks/OpenGL.framework/Versions/A/Libraries/libGLImage.dylib
0x000000010ea16000 	/System/Library/Frameworks/OpenGL.framework/Versions/A/Libraries/libCVMSPluginSupport.dylib
0x000000010ea1e000 	/System/Library/Frameworks/OpenGL.framework/Versions/A/Libraries/libCoreVMClient.dylib
0x000000010ea2c000 	/usr/lib/libcups.2.dylib
0x00007fff32975000 	/System/Library/Frameworks/Kerberos.framework/Versions/A/Kerberos
0x00007fff30ea4000 	/System/Library/Frameworks/GSS.framework/Versions/A/GSS
0x000000010ea9c000 	/usr/lib/libresolv.9.dylib
0x00007fff583b0000 	/usr/lib/libiconv.2.dylib
0x00007fff4a841000 	/System/Library/PrivateFrameworks/Heimdal.framework/Versions/A/Heimdal
0x00007fff58380000 	/usr/lib/libheimdal-asn1.dylib
0x00007fff36f90000 	/System/Library/Frameworks/OpenDirectory.framework/Versions/A/OpenDirectory
0x00007fff412d0000 	/System/Library/PrivateFrameworks/CommonAuth.framework/Versions/A/CommonAuth
0x00007fff36f74000 	/System/Library/Frameworks/OpenDirectory.framework/Versions/A/Frameworks/CFOpenDirectory.framework/Versions/A/CFOpenDirectory
0x000000010eabf000 	/System/Library/Frameworks/SecurityFoundation.framework/Versions/A/SecurityFoundation
0x000000010ebba000 	/System/Library/PrivateFrameworks/APFS.framework/Versions/A/APFS
0x00007fff59d32000 	/usr/lib/libutil.dylib
0x00007fff57a5b000 	/usr/lib/libcharset.1.dylib
0x00007fff3ed46000 	/System/Library/PrivateFrameworks/AppleSauce.framework/Versions/A/AppleSauce
0x00007fff3eec7000 	/System/Library/PrivateFrameworks/AssertionServices.framework/Versions/A/AssertionServices
0x00007fff3f5f7000 	/System/Library/PrivateFrameworks/BaseBoard.framework/Versions/A/BaseBoard
0x00007fff58781000 	/usr/lib/libmecab.1.0.0.dylib
0x00007fff5837a000 	/usr/lib/libgermantok.dylib
0x00007fff57829000 	/usr/lib/libThaiTokenizer.dylib
0x00007fff572d4000 	/usr/lib/libChineseTokenizer.dylib
0x00007fff4c272000 	/System/Library/PrivateFrameworks/LanguageModeling.framework/Versions/A/LanguageModeling
0x00007fff41fb2000 	/System/Library/PrivateFrameworks/CoreEmoji.framework/Versions/A/CoreEmoji
0x00007fff4c34e000 	/System/Library/PrivateFrameworks/Lexicon.framework/Versions/A/Lexicon
0x00007fff4c391000 	/System/Library/PrivateFrameworks/LinguisticData.framework/Versions/A/LinguisticData
0x00007fff57a5c000 	/usr/lib/libcmph.dylib
0x000000010ec7a000 	/System/Library/Frameworks/ServiceManagement.framework/Versions/A/ServiceManagement
0x00007fff3f558000 	/System/Library/PrivateFrameworks/BackgroundTaskManagement.framework/Versions/A/BackgroundTaskManagement
0x000000010ec86000 	/usr/lib/libxslt.1.dylib
0x000000010ecbc000 	/System/Library/Frameworks/Carbon.framework/Versions/A/Frameworks/Ink.framework/Versions/A/Ink
0x00007fff55363000 	/System/Library/PrivateFrameworks/TextureIO.framework/Versions/A/TextureIO
0x00007fff5787d000 	/usr/lib/libate.dylib
0x000000010ed85000 	/System/Library/PrivateFrameworks/CrashReporterSupport.framework/Versions/A/CrashReporterSupport
0x000000010eda9000 	/System/Library/PrivateFrameworks/Sharing.framework/Versions/A/Sharing
0x00007fff3f2aa000 	/System/Library/PrivateFrameworks/AuthKit.framework/Versions/A/AuthKit
0x000000010efa4000 	/System/Library/PrivateFrameworks/Apple80211.framework/Versions/A/Apple80211
0x000000010efe1000 	/System/Library/PrivateFrameworks/CoreUtils.framework/Versions/A/CoreUtils
0x000000010f26b000 	/System/Library/Frameworks/CoreWLAN.framework/Versions/A/CoreWLAN
0x000000010f355000 	/System/Library/Frameworks/IOBluetooth.framework/Versions/A/IOBluetooth
0x00007fff50f11000 	/System/Library/PrivateFrameworks/ProtocolBuffer.framework/Versions/A/ProtocolBuffer
0x000000010f4f0000 	/System/Library/PrivateFrameworks/MobileKeyBag.framework/Versions/A/MobileKeyBag
0x00007fff42880000 	/System/Library/PrivateFrameworks/CorePhoneNumbers.framework/Versions/A/CorePhoneNumbers
0x00007fff3ea5d000 	/System/Library/PrivateFrameworks/AppleIDAuthSupport.framework/Versions/A/AppleIDAuthSupport
0x000000010f523000 	/System/Library/PrivateFrameworks/KeychainCircle.framework/Versions/A/KeychainCircle
0x00007fff510c7000 	/System/Library/PrivateFrameworks/ROCKit.framework/Versions/A/ROCKit
0x000000010f54c000 	/System/Library/PrivateFrameworks/CoreWiFi.framework/Versions/A/CoreWiFi
0x000000010f610000 	/System/Library/Frameworks/CoreBluetooth.framework/Versions/A/CoreBluetooth
0x00007fff4348b000 	/System/Library/PrivateFrameworks/DebugSymbols.framework/Versions/A/DebugSymbols
0x00007fff42dfc000 	/System/Library/PrivateFrameworks/CoreSymbolication.framework/Versions/A/CoreSymbolication
0x00007fff54b7e000 	/System/Library/PrivateFrameworks/Symbolication.framework/Versions/A/Symbolication
0x00007fff54421000 	/System/Library/PrivateFrameworks/SpeechRecognitionCore.framework/Versions/A/SpeechRecognitionCore
0x0000000110000000 	/Library/Java/JavaVirtualMachines/adoptopenjdk-11.jdk/Contents/Home/lib/server/libjvm.dylib
0x000000010f691000 	/Library/Java/JavaVirtualMachines/adoptopenjdk-11.jdk/Contents/Home/lib/libverify.dylib
0x000000010f6a2000 	/Library/Java/JavaVirtualMachines/adoptopenjdk-11.jdk/Contents/Home/lib/libjava.dylib
0x000000010f6e5000 	/Library/Java/JavaVirtualMachines/adoptopenjdk-11.jdk/Contents/Home/lib/libjimage.dylib
0x000000010f73b000 	/Library/Java/JavaVirtualMachines/adoptopenjdk-11.jdk/Contents/Home/lib/libzip.dylib
0x00000001302c6000 	/Library/Java/JavaVirtualMachines/adoptopenjdk-11.jdk/Contents/Home/lib/libnio.dylib
0x00000001302d9000 	/Library/Java/JavaVirtualMachines/adoptopenjdk-11.jdk/Contents/Home/lib/./libnet.dylib
0x000000013037a000 	/Library/Java/JavaVirtualMachines/adoptopenjdk-11.jdk/Contents/Home/lib/libawt.dylib
0x0000000130419000 	/Library/Java/JavaVirtualMachines/adoptopenjdk-11.jdk/Contents/Home/lib/./libmlib_image.dylib
0x00007fff3295e000 	/System/Library/Frameworks/JavaVM.framework/Versions/A/Frameworks/JavaNativeFoundation.framework/Versions/A/JavaNativeFoundation
0x00007fff32967000 	/System/Library/Frameworks/JavaVM.framework/Versions/A/Frameworks/JavaRuntimeSupport.framework/Versions/A/JavaRuntimeSupport
0x00007fff32970000 	/System/Library/Frameworks/JavaVM.framework/Versions/A/JavaVM
0x00007fff4c164000 	/System/Library/PrivateFrameworks/JavaLaunching.framework/Versions/A/JavaLaunching
0x0000000130486000 	/System/Library/Frameworks/Carbon.framework/Versions/A/Carbon
0x000000013048a000 	/System/Library/Frameworks/Carbon.framework/Versions/A/Frameworks/CommonPanels.framework/Versions/A/CommonPanels
0x0000000130495000 	/System/Library/Frameworks/Carbon.framework/Versions/A/Frameworks/Help.framework/Versions/A/Help
0x000000013049f000 	/System/Library/Frameworks/Carbon.framework/Versions/A/Frameworks/ImageCapture.framework/Versions/A/ImageCapture
0x00000001304b4000 	/System/Library/Frameworks/Carbon.framework/Versions/A/Frameworks/OpenScripting.framework/Versions/A/OpenScripting
0x00000001304e2000 	/System/Library/Frameworks/Carbon.framework/Versions/A/Frameworks/Print.framework/Versions/A/Print
0x00000001304e9000 	/System/Library/Frameworks/Carbon.framework/Versions/A/Frameworks/SecurityHI.framework/Versions/A/SecurityHI
0x00000001304f2000 	/Library/Java/JavaVirtualMachines/adoptopenjdk-11.jdk/Contents/Home/lib/libawt_lwawt.dylib
0x000000013059c000 	/Library/Java/JavaVirtualMachines/adoptopenjdk-11.jdk/Contents/Home/lib/./libosxapp.dylib
0x00007fff30a61000 	/System/Library/Frameworks/ExceptionHandling.framework/Versions/A/ExceptionHandling
0x000000013062f000 	/Library/Java/JavaVirtualMachines/adoptopenjdk-11.jdk/Contents/Home/lib/libfontmanager.dylib
0x000000013072b000 	/Library/Java/JavaVirtualMachines/adoptopenjdk-11.jdk/Contents/Home/lib/./libfreetype.dylib
0x00007fff42a04000 	/System/Library/PrivateFrameworks/CoreServicesInternal.framework/Versions/A/CoreServicesInternal
0x00007fff22f67000 	/System/Library/CoreServices/RawCamera.bundle/Contents/MacOS/RawCamera
0x00007fff4d159000 	/System/Library/PrivateFrameworks/MobileAsset.framework/Versions/A/MobileAsset
0x00007fff54acc000 	/System/Library/PrivateFrameworks/StreamingZip.framework/Versions/A/StreamingZip
0x0000000133a9a000 	/System/Library/Frameworks/MediaToolbox.framework/MediaToolbox
0x00007fff41b56000 	/System/Library/PrivateFrameworks/CoreAVCHD.framework/Versions/A/CoreAVCHD
0x00007fff32c48000 	/System/Library/Frameworks/MediaAccessibility.framework/Versions/A/MediaAccessibility
0x00007fff4cbb5000 	/System/Library/PrivateFrameworks/Mangrove.framework/Versions/A/Mangrove
0x0000000132698000 	/System/Library/Frameworks/CoreMedia.framework/Versions/A/CoreMedia
0x00000001342e1000 	/System/Library/Frameworks/VideoToolbox.framework/Versions/A/VideoToolbox
0x00007fff41772000 	/System/Library/PrivateFrameworks/CoreAUC.framework/Versions/A/CoreAUC
0x00007fff5993a000 	/usr/lib/libspindump.dylib
0x0000000132848000 	/System/Library/PrivateFrameworks/AppleVA.framework/Versions/A/AppleVA
0x00007fff2abe7000 	/System/Library/Frameworks/Accelerate.framework/Versions/A/Frameworks/vImage.framework/Versions/A/Libraries/libCGInterfaces.dylib
0x0000000134a59000 	/System/Library/Frameworks/ApplicationServices.framework/Frameworks/ATS.framework/Resources/libTrueTypeScaler.dylib
0x0000000135817000 	/System/Library/Extensions/GeForceMTLDriver.bundle/Contents/MacOS/GeForceMTLDriver
0x00007fff4821a000 	/System/Library/PrivateFrameworks/GPUCompiler.framework/Versions/3902/Libraries/libmetal_timestamp.dylib
0x00007fff5631c000 	/System/Library/PrivateFrameworks/ViewBridge.framework/Versions/A/ViewBridge
0x000000013db3b000 	/Users/daniellara/Documents/GitHub/practica-9-recursion-DouglasFlint/lib/lwjgl-2.9.3/native/macosx/liblwjgl.dylib
0x000000013223d000 	/Library/Java/JavaVirtualMachines/adoptopenjdk-11.jdk/Contents/Home/lib/libjawt.dylib
0x000000013dbbd000 	/System/Library/Frameworks/OpenGL.framework/Resources/GLEngine.bundle/GLEngine
0x000000013dd94000 	/System/Library/Frameworks/OpenGL.framework/Versions/A/Libraries/libGLProgrammability.dylib
0x000000013e44a000 	/System/Library/Extensions/GeForceGLDriver.bundle/Contents/MacOS/GeForceGLDriver
0x000000013f730000 	/System/Library/PrivateFrameworks/GPUSupport.framework/Versions/A/Libraries/libGPUSupportMercury.dylib
0x000000013f745000 	/System/Library/Extensions/GeForceGLDriver.bundle/Contents/MacOS/libclh.dylib
0x000000013fe84000 	/System/Library/Frameworks/OpenGL.framework/Resources//GLRendererFloat.bundle/GLRendererFloat
0x00000001325c2000 	/System/Library/Frameworks/OpenCL.framework/Versions/A/Libraries/libcldcpuengine.dylib
0x00007fff57eb0000 	/usr/lib/libcrypto.35.dylib
0x00007fff554e1000 	/System/Library/PrivateFrameworks/TrustEvaluationAgent.framework/Versions/A/TrustEvaluationAgent
0x0000000132677000 	/usr/lib/libobjc-trampolines.dylib


VM Arguments:
jvm_args: -Djava.library.path=/Users/daniellara/Documents/GitHub/practica-9-recursion-DouglasFlint/lib/lwjgl-2.9.3/native/macosx 
java_command: icc.TurtleGraphics.Turtle.Main
java_class_path (initial): /Users/daniellara/Documents/GitHub/practica-9-recursion-DouglasFlint/build:/Users/daniellara/Documents/GitHub/practica-9-recursion-DouglasFlint/lib/lwjgl-2.9.3/jar/AppleJavaExtensions.jar:/Users/daniellara/Documents/GitHub/practica-9-recursion-DouglasFlint/lib/lwjgl-2.9.3/jar/asm-debug-all.jar:/Users/daniellara/Documents/GitHub/practica-9-recursion-DouglasFlint/lib/lwjgl-2.9.3/jar/jinput.jar:/Users/daniellara/Documents/GitHub/practica-9-recursion-DouglasFlint/lib/lwjgl-2.9.3/jar/laf-plugin-7.2.1.jar:/Users/daniellara/Documents/GitHub/practica-9-recursion-DouglasFlint/lib/lwjgl-2.9.3/jar/laf-widget-7.2.1.jar:/Users/daniellara/Documents/GitHub/practica-9-recursion-DouglasFlint/lib/lwjgl-2.9.3/jar/log4j-api-2.0-beta9.jar:/Users/daniellara/Documents/GitHub/practica-9-recursion-DouglasFlint/lib/lwjgl-2.9.3/jar/lwjgl-debug.jar:/Users/daniellara/Documents/GitHub/practica-9-recursion-DouglasFlint/lib/lwjgl-2.9.3/jar/lwjgl.jar:/Users/daniellara/Documents/GitHub/practica-9-recursion-DouglasFlint/lib/lwjgl-2.9.3/jar/lwjgl_test.jar:/Users/daniellara/Documents/GitHub/practica-9-recursion-DouglasFlint/lib/lwjgl-2.9.3/jar/lwjgl_util.jar:/Users/daniellara/Documents/GitHub/practica-9-recursion-DouglasFlint/lib/lwjgl-2.9.3/jar/lwjgl_util_applet.jar:/Users/daniellara/Documents/GitHub/practica-9-recursion-DouglasFlint/lib/lwjgl-2.9.3/jar/lzma.jar:/Users/daniellara/Documents/GitHub/practica-9-recursion-DouglasFlint/lib/lwjgl-2.9.3/jar/substance-7.2.1.jar:/Users/daniellara/Documents/GitHub/practica-9-recursion-DouglasFlint/lib/lwjgl-2.9.3/jar/trident-7.2.1.jar:/Users/daniellara/Documents/GitHub/practica-9-recursion-DouglasFlint/lib/slick-util.jar
Launcher Type: SUN_STANDARD

[Global flags]
     intx CICompilerCount                          = 3                                         {product} {ergonomic}
     uint ConcGCThreads                            = 1                                         {product} {ergonomic}
     uint G1ConcRefinementThreads                  = 4                                         {product} {ergonomic}
   size_t G1HeapRegionSize                         = 1048576                                   {product} {ergonomic}
    uintx GCDrainStackTargetSize                   = 64                                        {product} {ergonomic}
   size_t InitialHeapSize                          = 134217728                                 {product} {ergonomic}
   size_t MarkStackSize                            = 4194304                                   {product} {ergonomic}
   size_t MaxHeapSize                              = 2147483648                                {product} {ergonomic}
   size_t MaxNewSize                               = 1287651328                                {product} {ergonomic}
   size_t MinHeapDeltaBytes                        = 1048576                                   {product} {ergonomic}
    uintx NonNMethodCodeHeapSize                   = 5830732                                {pd product} {ergonomic}
    uintx NonProfiledCodeHeapSize                  = 122913754                              {pd product} {ergonomic}
    uintx ProfiledCodeHeapSize                     = 122913754                              {pd product} {ergonomic}
    uintx ReservedCodeCacheSize                    = 251658240                              {pd product} {ergonomic}
     bool SegmentedCodeCache                       = true                                      {product} {ergonomic}
     bool UseCompressedClassPointers               = true                                 {lp64_product} {ergonomic}
     bool UseCompressedOops                        = true                                 {lp64_product} {ergonomic}
     bool UseG1GC                                  = true                                      {product} {ergonomic}

Logging:
Log output configuration:
 #0: stdout all=warning uptime,level,tags
 #1: stderr all=off uptime,level,tags

Environment Variables:
PATH=/Library/Frameworks/Python.framework/Versions/3.6/bin:/usr/local/bin:/usr/bin:/bin:/usr/sbin:/sbin:/Library/TeX/texbin:/Users/daniellara/opt/anaconda3/bin:/Users/daniellara/opt/anaconda3/condabin:/Library/Frameworks/Python.framework/Versions/3.6/bin:/usr/local/ant/bin:/usr/local/ant/bin
SHELL=/bin/bash
LANG=es_419.UTF-8

Signal Handlers:
SIGSEGV: [libjvm.dylib+0x74285a], sa_mask[0]=11111111011111110111111111111111, sa_flags=SA_ONSTACK|SA_RESTART|SA_SIGINFO
SIGBUS: [libjvm.dylib+0x74285a], sa_mask[0]=11111111011111110111111111111111, sa_flags=SA_RESTART|SA_SIGINFO
SIGFPE: [libjvm.dylib+0x74285a], sa_mask[0]=11111111011111110111111111111111, sa_flags=SA_RESTART|SA_SIGINFO
SIGPIPE: [libjvm.dylib+0x5f43ab], sa_mask[0]=11111111011111110111111111111111, sa_flags=SA_RESTART|SA_SIGINFO
SIGXFSZ: [libjvm.dylib+0x5f43ab], sa_mask[0]=11111111011111110111111111111111, sa_flags=SA_RESTART|SA_SIGINFO
SIGILL: [libjvm.dylib+0x74285a], sa_mask[0]=11111111011111110111111111111111, sa_flags=SA_RESTART|SA_SIGINFO
SIGUSR2: [libjvm.dylib+0x5f4993], sa_mask[0]=00100000000000000000000000000000, sa_flags=SA_RESTART|SA_SIGINFO
SIGHUP: [libjvm.dylib+0x5f34d9], sa_mask[0]=11111111011111110111111111111111, sa_flags=SA_RESTART|SA_SIGINFO
SIGINT: [libjvm.dylib+0x5f34d9], sa_mask[0]=11111111011111110111111111111111, sa_flags=SA_RESTART|SA_SIGINFO
SIGTERM: [libjvm.dylib+0x5f34d9], sa_mask[0]=11111111011111110111111111111111, sa_flags=SA_RESTART|SA_SIGINFO
SIGQUIT: [libjvm.dylib+0x5f34d9], sa_mask[0]=11111111011111110111111111111111, sa_flags=SA_RESTART|SA_SIGINFO


---------------  S Y S T E M  ---------------

OS:uname:Darwin 18.7.0 Darwin Kernel Version 18.7.0: Mon Aug 31 20:53:32 PDT 2020; root:xnu-4903.278.44~1/RELEASE_X86_64 x86_64
OS uptime: 29 days 19:13 hours
rlimit (soft/hard): STACK 8192k/65532k , CORE 0k/infinity , NPROC 709/1064 , NOFILE 10240/infinity , AS infinity/infinity , CPU infinity/infinity , DATA infinity/infinity , FSIZE infinity/infinity , MEMLOCK infinity/infinity , RSS infinity/infinity
load average:2.13 1.94 1.76

CPU:total 4 (initial active 4) (4 cores per cpu, 1 threads per core) family 6 model 60 stepping 3, cmov, cx8, fxsr, mmx, sse, sse2, sse3, ssse3, sse4.1, sse4.2, popcnt, avx, avx2, aes, clmul, erms, lzcnt, tsc, tscinvbit, bmi1, bmi2, fma

Memory: 4k page, physical 8388608k(128488k free), swap 7340032k(678656k free)

vm_info: OpenJDK 64-Bit Server VM (11.0.8+10) for bsd-amd64 JRE (11.0.8+10), built on Jul 15 2020 09:55:29 by "jenkins" with gcc 4.2.1 Compatible Apple LLVM 10.0.1 (clang-1001.0.46.4)

END.
